2025-07-21 16:05:42 [main] INFO  a.t.m.d.t.t.k.s.TwitterToKafkaServiceApplication - Starting TwitterToKafkaServiceApplication using Java 17.0.11 with PID 13336 (D:\microservices-demo\twitter-to-kafka-service\target\classes started by Hrasi in D:\microservices-demo\twitter-to-kafka-service)
2025-07-21 16:05:42 [main] INFO  a.t.m.d.t.t.k.s.TwitterToKafkaServiceApplication - No active profile set, falling back to 1 default profile: "default"
2025-07-21 16:05:42 [main] WARN  o.s.c.a.AnnotationConfigApplicationContext - Exception encountered during context initialization - cancelling refresh attempt: org.springframework.beans.factory.UnsatisfiedDependencyException: Error creating bean with name 'twitterToKafkaServiceApplication': Unsatisfied dependency expressed through constructor parameter 1: No qualifying bean of type 'art.timestop.microservices.demo.twitter.to.kafka.service.runner.StreamRunner' available: expected single matching bean but found 2: mockKafkaStreamRunner,twitterKafkaStreamRunner
2025-07-21 16:05:42 [main] INFO  o.s.b.a.l.ConditionEvaluationReportLogger - 

Error starting ApplicationContext. To display the condition evaluation report re-run your application with 'debug' enabled.
2025-07-21 16:05:42 [main] ERROR o.s.b.d.LoggingFailureAnalysisReporter - 

***************************
APPLICATION FAILED TO START
***************************

Description:

Parameter 1 of constructor in art.timestop.microservices.demo.twitter.to.kafka.service.TwitterToKafkaServiceApplication required a single bean, but 2 were found:
	- mockKafkaStreamRunner: defined in file [D:\microservices-demo\twitter-to-kafka-service\target\classes\art\timestop\microservices\demo\twitter\to\kafka\service\runner\impl\MockKafkaStreamRunner.class]
	- twitterKafkaStreamRunner: defined in file [D:\microservices-demo\twitter-to-kafka-service\target\classes\art\timestop\microservices\demo\twitter\to\kafka\service\runner\impl\TwitterKafkaStreamRunner.class]

This may be due to missing parameter name information

Action:

Consider marking one of the beans as @Primary, updating the consumer to accept multiple beans, or using @Qualifier to identify the bean that should be consumed

Ensure that your compiler is configured to use the '-parameters' flag.
You may need to update both your build tool settings as well as your IDE.
(See https://github.com/spring-projects/spring-framework/wiki/Spring-Framework-6.1-Release-Notes#parameter-name-retention)


2025-07-21 16:06:13 [main] INFO  a.t.m.d.t.t.k.s.TwitterToKafkaServiceApplication - Starting TwitterToKafkaServiceApplication using Java 17.0.11 with PID 15760 (D:\microservices-demo\twitter-to-kafka-service\target\classes started by Hrasi in D:\microservices-demo\twitter-to-kafka-service)
2025-07-21 16:06:13 [main] INFO  a.t.m.d.t.t.k.s.TwitterToKafkaServiceApplication - No active profile set, falling back to 1 default profile: "default"
2025-07-21 16:06:13 [main] WARN  o.s.c.a.AnnotationConfigApplicationContext - Exception encountered during context initialization - cancelling refresh attempt: org.springframework.beans.factory.UnsatisfiedDependencyException: Error creating bean with name 'twitterToKafkaServiceApplication': Unsatisfied dependency expressed through constructor parameter 1: No qualifying bean of type 'art.timestop.microservices.demo.twitter.to.kafka.service.runner.StreamRunner' available: expected single matching bean but found 2: mockKafkaStreamRunner,twitterKafkaStreamRunner
2025-07-21 16:06:13 [main] INFO  o.s.b.a.l.ConditionEvaluationReportLogger - 

Error starting ApplicationContext. To display the condition evaluation report re-run your application with 'debug' enabled.
2025-07-21 16:06:13 [main] ERROR o.s.b.d.LoggingFailureAnalysisReporter - 

***************************
APPLICATION FAILED TO START
***************************

Description:

Parameter 1 of constructor in art.timestop.microservices.demo.twitter.to.kafka.service.TwitterToKafkaServiceApplication required a single bean, but 2 were found:
	- mockKafkaStreamRunner: defined in file [D:\microservices-demo\twitter-to-kafka-service\target\classes\art\timestop\microservices\demo\twitter\to\kafka\service\runner\impl\MockKafkaStreamRunner.class]
	- twitterKafkaStreamRunner: defined in file [D:\microservices-demo\twitter-to-kafka-service\target\classes\art\timestop\microservices\demo\twitter\to\kafka\service\runner\impl\TwitterKafkaStreamRunner.class]

This may be due to missing parameter name information

Action:

Consider marking one of the beans as @Primary, updating the consumer to accept multiple beans, or using @Qualifier to identify the bean that should be consumed

Ensure that your compiler is configured to use the '-parameters' flag.
You may need to update both your build tool settings as well as your IDE.
(See https://github.com/spring-projects/spring-framework/wiki/Spring-Framework-6.1-Release-Notes#parameter-name-retention)


2025-07-21 16:07:57 [main] INFO  a.t.m.d.t.t.k.s.TwitterToKafkaServiceApplication - Starting TwitterToKafkaServiceApplication using Java 17.0.11 with PID 2088 (D:\microservices-demo\twitter-to-kafka-service\target\classes started by Hrasi in D:\microservices-demo\twitter-to-kafka-service)
2025-07-21 16:07:57 [main] INFO  a.t.m.d.t.t.k.s.TwitterToKafkaServiceApplication - No active profile set, falling back to 1 default profile: "default"
2025-07-21 16:07:57 [main] WARN  o.s.c.a.AnnotationConfigApplicationContext - Exception encountered during context initialization - cancelling refresh attempt: org.springframework.beans.factory.UnsatisfiedDependencyException: Error creating bean with name 'twitterToKafkaServiceApplication': Unsatisfied dependency expressed through constructor parameter 1: No qualifying bean of type 'art.timestop.microservices.demo.twitter.to.kafka.service.runner.StreamRunner' available: expected single matching bean but found 2: mockKafkaStreamRunner,twitterKafkaStreamRunner
2025-07-21 16:07:57 [main] INFO  o.s.b.a.l.ConditionEvaluationReportLogger - 

Error starting ApplicationContext. To display the condition evaluation report re-run your application with 'debug' enabled.
2025-07-21 16:07:57 [main] ERROR o.s.b.d.LoggingFailureAnalysisReporter - 

***************************
APPLICATION FAILED TO START
***************************

Description:

Parameter 1 of constructor in art.timestop.microservices.demo.twitter.to.kafka.service.TwitterToKafkaServiceApplication required a single bean, but 2 were found:
	- mockKafkaStreamRunner: defined in file [D:\microservices-demo\twitter-to-kafka-service\target\classes\art\timestop\microservices\demo\twitter\to\kafka\service\runner\impl\MockKafkaStreamRunner.class]
	- twitterKafkaStreamRunner: defined in file [D:\microservices-demo\twitter-to-kafka-service\target\classes\art\timestop\microservices\demo\twitter\to\kafka\service\runner\impl\TwitterKafkaStreamRunner.class]

This may be due to missing parameter name information

Action:

Consider marking one of the beans as @Primary, updating the consumer to accept multiple beans, or using @Qualifier to identify the bean that should be consumed

Ensure that your compiler is configured to use the '-parameters' flag.
You may need to update both your build tool settings as well as your IDE.
(See https://github.com/spring-projects/spring-framework/wiki/Spring-Framework-6.1-Release-Notes#parameter-name-retention)


2025-07-21 16:09:35 [main] INFO  a.t.m.d.t.t.k.s.TwitterToKafkaServiceApplication - Starting TwitterToKafkaServiceApplication using Java 17.0.11 with PID 16604 (D:\microservices-demo\twitter-to-kafka-service\target\classes started by Hrasi in D:\microservices-demo\twitter-to-kafka-service)
2025-07-21 16:09:35 [main] INFO  a.t.m.d.t.t.k.s.TwitterToKafkaServiceApplication - No active profile set, falling back to 1 default profile: "default"
2025-07-21 16:09:36 [main] INFO  a.t.m.d.t.t.k.s.TwitterToKafkaServiceApplication - Started TwitterToKafkaServiceApplication in 1.211 seconds (process running for 1.85)
2025-07-21 16:09:36 [main] INFO  a.t.m.d.t.t.k.s.TwitterToKafkaServiceApplication - app starting...
2025-07-21 16:09:36 [main] INFO  a.t.m.d.t.t.k.s.TwitterToKafkaServiceApplication - [Java, Microservices, Spring, kafka, ElasticSearch]
2025-07-21 16:09:36 [main] INFO  a.t.m.d.t.t.k.s.TwitterToKafkaServiceApplication - Test Hello :)
2025-07-21 16:09:36 [main] INFO  a.t.m.d.t.t.k.s.r.i.MockKafkaStreamRunner - Starting mock filtering twitter streams for keywords [Java, Microservices, Spring, kafka, ElasticSearch]
2025-07-21 16:09:36 [pool-2-thread-1] INFO  a.t.m.d.t.t.k.s.l.TwitterKafkaStatusListener - twitter status -> Fusce amet libero consectetuer consectetuer magna Spring malesuada libero libero ipsum
2025-07-21 16:09:46 [pool-2-thread-1] INFO  a.t.m.d.t.t.k.s.l.TwitterKafkaStatusListener - twitter status -> malesuada sed lectus ipsum consectetuer elit congue kafka elit lectus Lorem Maecenas libero malesuada
2025-07-21 16:09:56 [pool-2-thread-1] INFO  a.t.m.d.t.t.k.s.l.TwitterKafkaStatusListener - twitter status -> consectetuer sit porttitor malesuada ultricies sit Lorem amet Spring Maecenas adipiscing congue amet amet porttitor
2025-07-21 16:10:06 [pool-2-thread-1] INFO  a.t.m.d.t.t.k.s.l.TwitterKafkaStatusListener - twitter status -> ultricies massa lectus adipiscing libero Java amet malesuada ipsum Lorem
2025-07-21 16:10:16 [pool-2-thread-1] INFO  a.t.m.d.t.t.k.s.l.TwitterKafkaStatusListener - twitter status -> consectetuer sit elit consectetuer ElasticSearch adipiscing libero
2025-07-21 16:10:26 [pool-2-thread-1] INFO  a.t.m.d.t.t.k.s.l.TwitterKafkaStatusListener - twitter status -> sed pulvinar posuere dolor sed Lorem massa Lorem ElasticSearch purus lectus sed dolor Maecenas ipsum
